  [1m[35m (86.3ms)[0m  [1m[35mCREATE DATABASE "gossip_rails_routes_form_development" ENCODING = 'unicode'[0m
  [1m[35m (48.7ms)[0m  [1m[35mCREATE DATABASE "gossip_rails_routes_form_test" ENCODING = 'unicode'[0m
  [1m[35m (7.5ms)[0m  [1m[35mCREATE TABLE "schema_migrations" ("version" character varying NOT NULL PRIMARY KEY)[0m
  [1m[35m (3.5ms)[0m  [1m[35mCREATE TABLE "ar_internal_metadata" ("key" character varying NOT NULL PRIMARY KEY, "value" character varying, "created_at" timestamp(6) NOT NULL, "updated_at" timestamp(6) NOT NULL)[0m
  [1m[35m (0.1ms)[0m  [1m[34mSELECT pg_try_advisory_lock(7131079098076075275)[0m
  [1m[35m (0.6ms)[0m  [1m[34mSELECT "schema_migrations"."version" FROM "schema_migrations" ORDER BY "schema_migrations"."version" ASC[0m
Migrating to CreateUsers (20201022155909)
  [1m[35m (0.1ms)[0m  [1m[35mBEGIN[0m
  [1m[35m (6.0ms)[0m  [1m[35mCREATE TABLE "users" ("id" bigserial primary key, "first_name" character varying, "last_name" character varying, "description" text, "email" character varying, "age" integer, "city_id" bigint, "created_at" timestamp(6) NOT NULL, "updated_at" timestamp(6) NOT NULL)[0m
  [1m[35m (1.6ms)[0m  [1m[35mCREATE  INDEX  "index_users_on_city_id" ON "users"  ("city_id")[0m
  [1m[36mprimary::SchemaMigration Create (0.3ms)[0m  [1m[32mINSERT INTO "schema_migrations" ("version") VALUES ($1) RETURNING "version"[0m  [["version", "20201022155909"]]
  [1m[35m (0.6ms)[0m  [1m[35mCOMMIT[0m
Migrating to CreateCities (20201022160746)
  [1m[35m (0.1ms)[0m  [1m[35mBEGIN[0m
  [1m[35m (4.0ms)[0m  [1m[35mCREATE TABLE "cities" ("id" bigserial primary key, "name" character varying, "zip_code" character varying, "created_at" timestamp(6) NOT NULL, "updated_at" timestamp(6) NOT NULL)[0m
  [1m[36mprimary::SchemaMigration Create (0.2ms)[0m  [1m[32mINSERT INTO "schema_migrations" ("version") VALUES ($1) RETURNING "version"[0m  [["version", "20201022160746"]]
  [1m[35m (1.1ms)[0m  [1m[35mCOMMIT[0m
Migrating to CreateGossips (20201022161254)
  [1m[35m (0.1ms)[0m  [1m[35mBEGIN[0m
  [1m[35m (6.3ms)[0m  [1m[35mCREATE TABLE "gossips" ("id" bigserial primary key, "title" character varying, "content" text, "user_id" bigint, "created_at" timestamp(6) NOT NULL, "updated_at" timestamp(6) NOT NULL)[0m
  [1m[35m (2.3ms)[0m  [1m[35mCREATE  INDEX  "index_gossips_on_user_id" ON "gossips"  ("user_id")[0m
  [1m[36mprimary::SchemaMigration Create (0.3ms)[0m  [1m[32mINSERT INTO "schema_migrations" ("version") VALUES ($1) RETURNING "version"[0m  [["version", "20201022161254"]]
  [1m[35m (1.0ms)[0m  [1m[35mCOMMIT[0m
Migrating to CreateTags (20201022162928)
  [1m[35m (0.2ms)[0m  [1m[35mBEGIN[0m
  [1m[35m (5.8ms)[0m  [1m[35mCREATE TABLE "tags" ("id" bigserial primary key, "title" character varying, "created_at" timestamp(6) NOT NULL, "updated_at" timestamp(6) NOT NULL)[0m
  [1m[36mprimary::SchemaMigration Create (0.3ms)[0m  [1m[32mINSERT INTO "schema_migrations" ("version") VALUES ($1) RETURNING "version"[0m  [["version", "20201022162928"]]
  [1m[35m (0.6ms)[0m  [1m[35mCOMMIT[0m
Migrating to CreateLinktags (20201022163005)
  [1m[35m (0.2ms)[0m  [1m[35mBEGIN[0m
  [1m[35m (2.3ms)[0m  [1m[35mCREATE TABLE "linktags" ("id" bigserial primary key, "gossip_id" bigint, "tag_id" bigint, "created_at" timestamp(6) NOT NULL, "updated_at" timestamp(6) NOT NULL)[0m
  [1m[35m (1.4ms)[0m  [1m[35mCREATE  INDEX  "index_linktags_on_gossip_id" ON "linktags"  ("gossip_id")[0m
  [1m[35m (1.5ms)[0m  [1m[35mCREATE  INDEX  "index_linktags_on_tag_id" ON "linktags"  ("tag_id")[0m
  [1m[36mprimary::SchemaMigration Create (0.3ms)[0m  [1m[32mINSERT INTO "schema_migrations" ("version") VALUES ($1) RETURNING "version"[0m  [["version", "20201022163005"]]
  [1m[35m (0.6ms)[0m  [1m[35mCOMMIT[0m
Migrating to CreatePrivateMessages (20201022163452)
  [1m[35m (0.1ms)[0m  [1m[35mBEGIN[0m
  [1m[35m (4.1ms)[0m  [1m[35mCREATE TABLE "private_messages" ("id" bigserial primary key, "content" text, "recipient_id" bigint, "sender_id" bigint, "created_at" timestamp(6) NOT NULL, "updated_at" timestamp(6) NOT NULL)[0m
  [1m[35m (1.4ms)[0m  [1m[35mCREATE  INDEX  "index_private_messages_on_recipient_id" ON "private_messages"  ("recipient_id")[0m
  [1m[35m (1.4ms)[0m  [1m[35mCREATE  INDEX  "index_private_messages_on_sender_id" ON "private_messages"  ("sender_id")[0m
  [1m[36mprimary::SchemaMigration Create (0.2ms)[0m  [1m[32mINSERT INTO "schema_migrations" ("version") VALUES ($1) RETURNING "version"[0m  [["version", "20201022163452"]]
  [1m[35m (0.6ms)[0m  [1m[35mCOMMIT[0m
Migrating to CreateComments (20201022210357)
  [1m[35m (0.1ms)[0m  [1m[35mBEGIN[0m
  [1m[35m (4.6ms)[0m  [1m[35mCREATE TABLE "comments" ("id" bigserial primary key, "content" text, "gossip_id" bigint, "user_id" bigint, "created_at" timestamp(6) NOT NULL, "updated_at" timestamp(6) NOT NULL)[0m
  [1m[35m (1.4ms)[0m  [1m[35mCREATE  INDEX  "index_comments_on_gossip_id" ON "comments"  ("gossip_id")[0m
  [1m[35m (1.5ms)[0m  [1m[35mCREATE  INDEX  "index_comments_on_user_id" ON "comments"  ("user_id")[0m
  [1m[36mprimary::SchemaMigration Create (0.2ms)[0m  [1m[32mINSERT INTO "schema_migrations" ("version") VALUES ($1) RETURNING "version"[0m  [["version", "20201022210357"]]
  [1m[35m (0.6ms)[0m  [1m[35mCOMMIT[0m
  [1m[36mActiveRecord::InternalMetadata Load (0.2ms)[0m  [1m[34mSELECT "ar_internal_metadata".* FROM "ar_internal_metadata" WHERE "ar_internal_metadata"."key" = $1 LIMIT $2[0m  [["key", "environment"], ["LIMIT", 1]]
  [1m[35m (0.1ms)[0m  [1m[35mBEGIN[0m
  [1m[36mActiveRecord::InternalMetadata Create (0.5ms)[0m  [1m[32mINSERT INTO "ar_internal_metadata" ("key", "value", "created_at", "updated_at") VALUES ($1, $2, $3, $4) RETURNING "key"[0m  [["key", "environment"], ["value", "development"], ["created_at", "2020-10-27 04:41:40.950510"], ["updated_at", "2020-10-27 04:41:40.950510"]]
  [1m[35m (0.5ms)[0m  [1m[35mCOMMIT[0m
  [1m[35m (0.4ms)[0m  [1m[34mSELECT pg_advisory_unlock(7131079098076075275)[0m
  [1m[35m (0.4ms)[0m  [1m[34mSELECT "schema_migrations"."version" FROM "schema_migrations" ORDER BY "schema_migrations"."version" ASC[0m
  [1m[35m (0.7ms)[0m  [1m[34mSELECT "schema_migrations"."version" FROM "schema_migrations" ORDER BY "schema_migrations"."version" ASC[0m
Started GET "/" for ::1 at 2020-10-27 05:42:03 +0100
  [1m[35m (0.4ms)[0m  [1m[34mSELECT "schema_migrations"."version" FROM "schema_migrations" ORDER BY "schema_migrations"."version" ASC[0m
Processing by Rails::WelcomeController#index as HTML
  Rendering /home/youcef/.rbenv/versions/2.7.1/lib/ruby/gems/2.7.0/gems/railties-6.0.3.4/lib/rails/templates/rails/welcome/index.html.erb
  Rendered /home/youcef/.rbenv/versions/2.7.1/lib/ruby/gems/2.7.0/gems/railties-6.0.3.4/lib/rails/templates/rails/welcome/index.html.erb (Duration: 6.4ms | Allocations: 407)
Completed 200 OK in 15ms (Views: 9.4ms | ActiveRecord: 0.0ms | Allocations: 2341)


Started GET "/" for ::1 at 2020-10-27 05:42:09 +0100
Processing by Rails::WelcomeController#index as HTML
  Rendering /home/youcef/.rbenv/versions/2.7.1/lib/ruby/gems/2.7.0/gems/railties-6.0.3.4/lib/rails/templates/rails/welcome/index.html.erb
  Rendered /home/youcef/.rbenv/versions/2.7.1/lib/ruby/gems/2.7.0/gems/railties-6.0.3.4/lib/rails/templates/rails/welcome/index.html.erb (Duration: 6.1ms | Allocations: 179)
Completed 200 OK in 8ms (Views: 7.2ms | ActiveRecord: 0.0ms | Allocations: 911)


Started GET "/" for ::1 at 2020-10-27 05:45:39 +0100
  [1m[35m (0.7ms)[0m  [1m[34mSELECT "schema_migrations"."version" FROM "schema_migrations" ORDER BY "schema_migrations"."version" ASC[0m
Processing by StaticPagesController#home as HTML
Completed 500 Internal Server Error in 6ms (ActiveRecord: 0.0ms | Allocations: 2341)


  
NameError (uninitialized constant StaticPagesController::Gossip):
  
app/controllers/static_pages_controller.rb:3:in `home'
Started GET "/" for ::1 at 2020-10-27 05:47:15 +0100
Processing by StaticPagesController#home as HTML
Completed 500 Internal Server Error in 3ms (ActiveRecord: 0.0ms | Allocations: 2305)


  
NameError (uninitialized constant StaticPagesController::Gossip):
  
app/controllers/static_pages_controller.rb:3:in `home'
Started GET "/contact" for ::1 at 2020-10-27 05:47:23 +0100
Processing by StaticPagesController#contact as HTML
  Rendering static_pages/contact.html.erb within layouts/application
  Rendered static_pages/contact.html.erb within layouts/application (Duration: 0.4ms | Allocations: 78)
[Webpacker] Compiling...
[Webpacker] Compiled all packs in /home/youcef/Bureau/gossip_rails_routes_form/public/packs
[Webpacker] Hash: 15d1bb7b54cf6326b9ba
Version: webpack 4.44.2
Time: 1488ms
Built at: 2020-10-27 5:47:26
                                     Asset       Size       Chunks                         Chunk Names
    js/application-9afcbb5693aa87623e69.js    124 KiB  application  [emitted] [immutable]  application
js/application-9afcbb5693aa87623e69.js.map    139 KiB  application  [emitted] [dev]        application
                             manifest.json  364 bytes               [emitted]              
Entrypoint application = js/application-9afcbb5693aa87623e69.js js/application-9afcbb5693aa87623e69.js.map
[./app/javascript/channels sync recursive _channel\.js$] ./app/javascript/channels sync _channel\.js$ 160 bytes {application} [built]
[./app/javascript/channels/index.js] 211 bytes {application} [built]
[./app/javascript/packs/application.js] 749 bytes {application} [built]
[./node_modules/webpack/buildin/module.js] (webpack)/buildin/module.js 552 bytes {application} [built]
    + 3 hidden modules

Completed 200 OK in 2502ms (Views: 2501.8ms | ActiveRecord: 0.0ms | Allocations: 17470)


Started GET "/home" for ::1 at 2020-10-27 05:47:31 +0100
  
ActionController::RoutingError (No route matches [GET] "/home"):
  
actionpack (6.0.3.4) lib/action_dispatch/middleware/debug_exceptions.rb:36:in `call'
web-console (4.0.4) lib/web_console/middleware.rb:132:in `call_app'
web-console (4.0.4) lib/web_console/middleware.rb:28:in `block in call'
web-console (4.0.4) lib/web_console/middleware.rb:17:in `catch'
web-console (4.0.4) lib/web_console/middleware.rb:17:in `call'
actionpack (6.0.3.4) lib/action_dispatch/middleware/show_exceptions.rb:33:in `call'
railties (6.0.3.4) lib/rails/rack/logger.rb:37:in `call_app'
railties (6.0.3.4) lib/rails/rack/logger.rb:26:in `block in call'
activesupport (6.0.3.4) lib/active_support/tagged_logging.rb:80:in `block in tagged'
activesupport (6.0.3.4) lib/active_support/tagged_logging.rb:28:in `tagged'
activesupport (6.0.3.4) lib/active_support/tagged_logging.rb:80:in `tagged'
railties (6.0.3.4) lib/rails/rack/logger.rb:26:in `call'
sprockets-rails (3.2.2) lib/sprockets/rails/quiet_assets.rb:13:in `call'
actionpack (6.0.3.4) lib/action_dispatch/middleware/remote_ip.rb:81:in `call'
actionpack (6.0.3.4) lib/action_dispatch/middleware/request_id.rb:27:in `call'
rack (2.2.3) lib/rack/method_override.rb:24:in `call'
rack (2.2.3) lib/rack/runtime.rb:22:in `call'
activesupport (6.0.3.4) lib/active_support/cache/strategy/local_cache_middleware.rb:29:in `call'
actionpack (6.0.3.4) lib/action_dispatch/middleware/executor.rb:14:in `call'
actionpack (6.0.3.4) lib/action_dispatch/middleware/static.rb:126:in `call'
rack (2.2.3) lib/rack/sendfile.rb:110:in `call'
actionpack (6.0.3.4) lib/action_dispatch/middleware/host_authorization.rb:82:in `call'
webpacker (4.3.0) lib/webpacker/dev_server_proxy.rb:23:in `perform_request'
rack-proxy (0.6.5) lib/rack/proxy.rb:57:in `call'
railties (6.0.3.4) lib/rails/engine.rb:527:in `call'
puma (4.3.6) lib/puma/configuration.rb:228:in `call'
puma (4.3.6) lib/puma/server.rb:713:in `handle_request'
puma (4.3.6) lib/puma/server.rb:472:in `process_client'
puma (4.3.6) lib/puma/server.rb:328:in `block in run'
puma (4.3.6) lib/puma/thread_pool.rb:134:in `block in spawn_thread'
Started GET "/welcome/steph" for ::1 at 2020-10-27 05:47:40 +0100
Processing by StaticPagesController#welcome as HTML
  Parameters: {"name"=>"steph"}
  Rendering static_pages/welcome.html.erb within layouts/application
  Rendered static_pages/welcome.html.erb within layouts/application (Duration: 0.3ms | Allocations: 95)
[Webpacker] Everything's up-to-date. Nothing to do
Completed 200 OK in 5ms (Views: 4.6ms | ActiveRecord: 0.0ms | Allocations: 3562)


Started GET "/" for ::1 at 2020-10-27 05:47:42 +0100
Processing by StaticPagesController#home as HTML
Completed 500 Internal Server Error in 4ms (ActiveRecord: 0.0ms | Allocations: 2396)


  
NameError (uninitialized constant StaticPagesController::Gossip):
  
app/controllers/static_pages_controller.rb:3:in `home'
Started GET "/" for ::1 at 2020-10-27 05:49:16 +0100
  [1m[35m (0.5ms)[0m  [1m[34mSELECT "schema_migrations"."version" FROM "schema_migrations" ORDER BY "schema_migrations"."version" ASC[0m
Processing by StaticPagesController#home as HTML
  [1m[36mGossip Load (0.4ms)[0m  [1m[34mSELECT "gossips".* FROM "gossips"[0m
  ↳ app/controllers/static_pages_controller.rb:3:in `home'
  Rendering static_pages/home.html.erb within layouts/application
  Rendered static_pages/home.html.erb within layouts/application (Duration: 0.9ms | Allocations: 465)
[Webpacker] Everything's up-to-date. Nothing to do
Completed 200 OK in 23ms (Views: 9.1ms | ActiveRecord: 1.4ms | Allocations: 11363)


Started GET "/" for ::1 at 2020-10-27 05:49:18 +0100
Processing by StaticPagesController#home as HTML
  [1m[36mGossip Load (0.2ms)[0m  [1m[34mSELECT "gossips".* FROM "gossips"[0m
  ↳ app/controllers/static_pages_controller.rb:3:in `home'
  Rendering static_pages/home.html.erb within layouts/application
  Rendered static_pages/home.html.erb within layouts/application (Duration: 0.0ms | Allocations: 5)
[Webpacker] Everything's up-to-date. Nothing to do
Completed 200 OK in 6ms (Views: 4.2ms | ActiveRecord: 0.2ms | Allocations: 3898)


Started GET "/" for ::1 at 2020-10-27 05:49:19 +0100
Processing by StaticPagesController#home as HTML
  [1m[36mGossip Load (0.3ms)[0m  [1m[34mSELECT "gossips".* FROM "gossips"[0m
  ↳ app/controllers/static_pages_controller.rb:3:in `home'
  Rendering static_pages/home.html.erb within layouts/application
  Rendered static_pages/home.html.erb within layouts/application (Duration: 0.0ms | Allocations: 5)
[Webpacker] Everything's up-to-date. Nothing to do
Completed 200 OK in 5ms (Views: 3.3ms | ActiveRecord: 0.3ms | Allocations: 3898)


  [1m[35m (0.9ms)[0m  [1m[34mSELECT "schema_migrations"."version" FROM "schema_migrations" ORDER BY "schema_migrations"."version" ASC[0m
Started GET "/" for ::1 at 2020-10-27 05:49:38 +0100
  [1m[35m (0.3ms)[0m  [1m[34mSELECT "schema_migrations"."version" FROM "schema_migrations" ORDER BY "schema_migrations"."version" ASC[0m
Processing by StaticPagesController#home as HTML
  [1m[36mGossip Load (0.4ms)[0m  [1m[34mSELECT "gossips".* FROM "gossips"[0m
  ↳ app/controllers/static_pages_controller.rb:3:in `home'
  Rendering static_pages/home.html.erb within layouts/application
  Rendered static_pages/home.html.erb within layouts/application (Duration: 0.7ms | Allocations: 465)
[Webpacker] Everything's up-to-date. Nothing to do
Completed 200 OK in 19ms (Views: 9.3ms | ActiveRecord: 1.3ms | Allocations: 10799)


Started GET "/" for ::1 at 2020-10-27 05:49:38 +0100
Processing by StaticPagesController#home as HTML
  [1m[36mGossip Load (0.3ms)[0m  [1m[34mSELECT "gossips".* FROM "gossips"[0m
  ↳ app/controllers/static_pages_controller.rb:3:in `home'
  Rendering static_pages/home.html.erb within layouts/application
  Rendered static_pages/home.html.erb within layouts/application (Duration: 0.1ms | Allocations: 5)
[Webpacker] Everything's up-to-date. Nothing to do
Completed 200 OK in 8ms (Views: 5.4ms | ActiveRecord: 0.3ms | Allocations: 3902)


Started GET "/" for ::1 at 2020-10-27 05:49:39 +0100
Processing by StaticPagesController#home as HTML
  [1m[36mGossip Load (0.5ms)[0m  [1m[34mSELECT "gossips".* FROM "gossips"[0m
  ↳ app/controllers/static_pages_controller.rb:3:in `home'
  Rendering static_pages/home.html.erb within layouts/application
  Rendered static_pages/home.html.erb within layouts/application (Duration: 0.0ms | Allocations: 5)
[Webpacker] Everything's up-to-date. Nothing to do
Completed 200 OK in 7ms (Views: 4.0ms | ActiveRecord: 0.5ms | Allocations: 3908)


Started GET "/" for ::1 at 2020-10-27 05:49:40 +0100
Processing by StaticPagesController#home as HTML
  [1m[36mGossip Load (0.3ms)[0m  [1m[34mSELECT "gossips".* FROM "gossips"[0m
  ↳ app/controllers/static_pages_controller.rb:3:in `home'
  Rendering static_pages/home.html.erb within layouts/application
  Rendered static_pages/home.html.erb within layouts/application (Duration: 0.0ms | Allocations: 5)
[Webpacker] Everything's up-to-date. Nothing to do
Completed 200 OK in 5ms (Views: 3.4ms | ActiveRecord: 0.3ms | Allocations: 3896)


Started GET "/" for ::1 at 2020-10-27 05:49:40 +0100
Processing by StaticPagesController#home as HTML
  [1m[36mGossip Load (0.3ms)[0m  [1m[34mSELECT "gossips".* FROM "gossips"[0m
  ↳ app/controllers/static_pages_controller.rb:3:in `home'
  Rendering static_pages/home.html.erb within layouts/application
  Rendered static_pages/home.html.erb within layouts/application (Duration: 0.0ms | Allocations: 4)
[Webpacker] Everything's up-to-date. Nothing to do
Completed 200 OK in 5ms (Views: 3.1ms | ActiveRecord: 0.3ms | Allocations: 3876)


  [1m[36mGossip Load (0.3ms)[0m  [1m[34mSELECT "gossips".* FROM "gossips"[0m
  [1m[35m (0.7ms)[0m  [1m[34mSELECT "schema_migrations"."version" FROM "schema_migrations" ORDER BY "schema_migrations"."version" ASC[0m
  [1m[35m (0.1ms)[0m  [1m[35mBEGIN[0m
  [1m[36mCity Create (0.5ms)[0m  [1m[32mINSERT INTO "cities" ("name", "zip_code", "created_at", "updated_at") VALUES ($1, $2, $3, $4) RETURNING "id"[0m  [["name", "Odellhaven"], ["zip_code", "37004-0217"], ["created_at", "2020-10-27 04:54:51.022952"], ["updated_at", "2020-10-27 04:54:51.022952"]]
  [1m[35m (0.5ms)[0m  [1m[35mCOMMIT[0m
  [1m[35m (0.1ms)[0m  [1m[35mBEGIN[0m
  [1m[36mCity Create (0.3ms)[0m  [1m[32mINSERT INTO "cities" ("name", "zip_code", "created_at", "updated_at") VALUES ($1, $2, $3, $4) RETURNING "id"[0m  [["name", "New Sethmouth"], ["zip_code", "65134-1749"], ["created_at", "2020-10-27 04:54:51.028483"], ["updated_at", "2020-10-27 04:54:51.028483"]]
  [1m[35m (0.5ms)[0m  [1m[35mCOMMIT[0m
  [1m[35m (0.1ms)[0m  [1m[35mBEGIN[0m
  [1m[36mCity Create (0.3ms)[0m  [1m[32mINSERT INTO "cities" ("name", "zip_code", "created_at", "updated_at") VALUES ($1, $2, $3, $4) RETURNING "id"[0m  [["name", "South Hankland"], ["zip_code", "51047-2103"], ["created_at", "2020-10-27 04:54:51.034615"], ["updated_at", "2020-10-27 04:54:51.034615"]]
  [1m[35m (0.5ms)[0m  [1m[35mCOMMIT[0m
  [1m[35m (0.1ms)[0m  [1m[35mBEGIN[0m
  [1m[36mCity Create (0.3ms)[0m  [1m[32mINSERT INTO "cities" ("name", "zip_code", "created_at", "updated_at") VALUES ($1, $2, $3, $4) RETURNING "id"[0m  [["name", "South Sheliahaven"], ["zip_code", "47948"], ["created_at", "2020-10-27 04:54:51.041116"], ["updated_at", "2020-10-27 04:54:51.041116"]]
  [1m[35m (0.5ms)[0m  [1m[35mCOMMIT[0m
  [1m[35m (0.1ms)[0m  [1m[35mBEGIN[0m
  [1m[36mCity Create (0.2ms)[0m  [1m[32mINSERT INTO "cities" ("name", "zip_code", "created_at", "updated_at") VALUES ($1, $2, $3, $4) RETURNING "id"[0m  [["name", "New Andreas"], ["zip_code", "92938"], ["created_at", "2020-10-27 04:54:51.047692"], ["updated_at", "2020-10-27 04:54:51.047692"]]
  [1m[35m (0.5ms)[0m  [1m[35mCOMMIT[0m
  [1m[35m (0.1ms)[0m  [1m[35mBEGIN[0m
  [1m[36mUser Create (0.7ms)[0m  [1m[32mINSERT INTO "users" ("first_name", "last_name", "description", "email", "age", "city_id", "created_at", "updated_at") VALUES ($1, $2, $3, $4, $5, $6, $7, $8) RETURNING "id"[0m  [["first_name", "Jesse"], ["last_name", "Cartwright"], ["description", "In a hole in the ground there lived a hobbit."], ["email", "augustus@herzog.io"], ["age", 67], ["city_id", 5], ["created_at", "2020-10-27 04:54:51.070437"], ["updated_at", "2020-10-27 04:54:51.070437"]]
  [1m[35m (0.5ms)[0m  [1m[35mCOMMIT[0m
  [1m[35m (0.1ms)[0m  [1m[35mBEGIN[0m
  [1m[36mUser Create (0.3ms)[0m  [1m[32mINSERT INTO "users" ("first_name", "last_name", "description", "email", "age", "city_id", "created_at", "updated_at") VALUES ($1, $2, $3, $4, $5, $6, $7, $8) RETURNING "id"[0m  [["first_name", "Burt"], ["last_name", "Brekke"], ["description", "Never laugh at live dragons, Bilbo you fool!"], ["email", "colby@bogan.info"], ["age", 79], ["city_id", 1], ["created_at", "2020-10-27 04:54:51.075203"], ["updated_at", "2020-10-27 04:54:51.075203"]]
  [1m[35m (0.5ms)[0m  [1m[35mCOMMIT[0m
  [1m[35m (0.1ms)[0m  [1m[35mBEGIN[0m
  [1m[36mUser Create (0.2ms)[0m  [1m[32mINSERT INTO "users" ("first_name", "last_name", "description", "email", "age", "city_id", "created_at", "updated_at") VALUES ($1, $2, $3, $4, $5, $6, $7, $8) RETURNING "id"[0m  [["first_name", "Debbi"], ["last_name", "Connelly"], ["description", "May the hair on your toes never fall out!"], ["email", "audrie_stroman@emard-streich.net"], ["age", 49], ["city_id", 3], ["created_at", "2020-10-27 04:54:51.079941"], ["updated_at", "2020-10-27 04:54:51.079941"]]
  [1m[35m (0.5ms)[0m  [1m[35mCOMMIT[0m
  [1m[35m (0.1ms)[0m  [1m[35mBEGIN[0m
  [1m[36mUser Create (0.2ms)[0m  [1m[32mINSERT INTO "users" ("first_name", "last_name", "description", "email", "age", "city_id", "created_at", "updated_at") VALUES ($1, $2, $3, $4, $5, $6, $7, $8) RETURNING "id"[0m  [["first_name", "Otelia"], ["last_name", "Tromp"], ["description", "'You have nice manners for a thief and a liar,' said the dragon."], ["email", "lawerence_fisher@altenwerth-kuhlman.net"], ["age", 84], ["city_id", 5], ["created_at", "2020-10-27 04:54:51.085121"], ["updated_at", "2020-10-27 04:54:51.085121"]]
  [1m[35m (0.5ms)[0m  [1m[35mCOMMIT[0m
  [1m[35m (0.1ms)[0m  [1m[35mBEGIN[0m
  [1m[36mUser Create (0.2ms)[0m  [1m[32mINSERT INTO "users" ("first_name", "last_name", "description", "email", "age", "city_id", "created_at", "updated_at") VALUES ($1, $2, $3, $4, $5, $6, $7, $8) RETURNING "id"[0m  [["first_name", "Erasmo"], ["last_name", "Emard"], ["description", "May the hair on your toes never fall out!"], ["email", "zoraida@douglas-schaefer.biz"], ["age", 55], ["city_id", 2], ["created_at", "2020-10-27 04:54:51.089292"], ["updated_at", "2020-10-27 04:54:51.089292"]]
  [1m[35m (0.5ms)[0m  [1m[35mCOMMIT[0m
  [1m[35m (0.1ms)[0m  [1m[35mBEGIN[0m
  [1m[36mUser Create (0.3ms)[0m  [1m[32mINSERT INTO "users" ("first_name", "last_name", "description", "email", "age", "city_id", "created_at", "updated_at") VALUES ($1, $2, $3, $4, $5, $6, $7, $8) RETURNING "id"[0m  [["first_name", "Keenan"], ["last_name", "Bayer"], ["description", "Where there's life there's hope."], ["email", "mercy@weimann.biz"], ["age", 40], ["city_id", 5], ["created_at", "2020-10-27 04:54:51.093505"], ["updated_at", "2020-10-27 04:54:51.093505"]]
  [1m[35m (0.5ms)[0m  [1m[35mCOMMIT[0m
  [1m[35m (0.1ms)[0m  [1m[35mBEGIN[0m
  [1m[36mUser Create (0.3ms)[0m  [1m[32mINSERT INTO "users" ("first_name", "last_name", "description", "email", "age", "city_id", "created_at", "updated_at") VALUES ($1, $2, $3, $4, $5, $6, $7, $8) RETURNING "id"[0m  [["first_name", "Alexis"], ["last_name", "Gulgowski"], ["description", "May the wind under your wings bear you where the sun sails and the moon walks."], ["email", "dominque@lindgren-brekke.org"], ["age", 67], ["city_id", 1], ["created_at", "2020-10-27 04:54:51.098927"], ["updated_at", "2020-10-27 04:54:51.098927"]]
  [1m[35m (0.6ms)[0m  [1m[35mCOMMIT[0m
  [1m[35m (0.1ms)[0m  [1m[35mBEGIN[0m
  [1m[36mUser Create (0.3ms)[0m  [1m[32mINSERT INTO "users" ("first_name", "last_name", "description", "email", "age", "city_id", "created_at", "updated_at") VALUES ($1, $2, $3, $4, $5, $6, $7, $8) RETURNING "id"[0m  [["first_name", "Karena"], ["last_name", "Emmerich"], ["description", "Never laugh at live dragons, Bilbo you fool!"], ["email", "brice@pfeffer-brown.info"], ["age", 99], ["city_id", 4], ["created_at", "2020-10-27 04:54:51.109696"], ["updated_at", "2020-10-27 04:54:51.109696"]]
  [1m[35m (0.5ms)[0m  [1m[35mCOMMIT[0m
  [1m[35m (0.1ms)[0m  [1m[35mBEGIN[0m
  [1m[36mUser Create (0.3ms)[0m  [1m[32mINSERT INTO "users" ("first_name", "last_name", "description", "email", "age", "city_id", "created_at", "updated_at") VALUES ($1, $2, $3, $4, $5, $6, $7, $8) RETURNING "id"[0m  [["first_name", "Roosevelt"], ["last_name", "Bergnaum"], ["description", "Never laugh at live dragons, Bilbo you fool!"], ["email", "shemeka@berge-harris.com"], ["age", 28], ["city_id", 2], ["created_at", "2020-10-27 04:54:51.118965"], ["updated_at", "2020-10-27 04:54:51.118965"]]
  [1m[35m (0.5ms)[0m  [1m[35mCOMMIT[0m
  [1m[35m (0.1ms)[0m  [1m[35mBEGIN[0m
  [1m[36mUser Create (0.3ms)[0m  [1m[32mINSERT INTO "users" ("first_name", "last_name", "description", "email", "age", "city_id", "created_at", "updated_at") VALUES ($1, $2, $3, $4, $5, $6, $7, $8) RETURNING "id"[0m  [["first_name", "Terrilyn"], ["last_name", "Little"], ["description", "Where there's life there's hope."], ["email", "windy_mccullough@legros.co"], ["age", 45], ["city_id", 5], ["created_at", "2020-10-27 04:54:51.129011"], ["updated_at", "2020-10-27 04:54:51.129011"]]
  [1m[35m (0.5ms)[0m  [1m[35mCOMMIT[0m
  [1m[35m (0.1ms)[0m  [1m[35mBEGIN[0m
  [1m[36mTag Create (0.5ms)[0m  [1m[32mINSERT INTO "tags" ("title", "created_at", "updated_at") VALUES ($1, $2, $3) RETURNING "id"[0m  [["title", "#K-2SO"], ["created_at", "2020-10-27 04:54:51.144395"], ["updated_at", "2020-10-27 04:54:51.144395"]]
  [1m[35m (0.5ms)[0m  [1m[35mCOMMIT[0m
  [1m[35m (0.1ms)[0m  [1m[35mBEGIN[0m
  [1m[36mTag Create (0.3ms)[0m  [1m[32mINSERT INTO "tags" ("title", "created_at", "updated_at") VALUES ($1, $2, $3) RETURNING "id"[0m  [["title", "#B1"], ["created_at", "2020-10-27 04:54:51.151972"], ["updated_at", "2020-10-27 04:54:51.151972"]]
  [1m[35m (0.5ms)[0m  [1m[35mCOMMIT[0m
  [1m[35m (0.1ms)[0m  [1m[35mBEGIN[0m
  [1m[36mTag Create (0.3ms)[0m  [1m[32mINSERT INTO "tags" ("title", "created_at", "updated_at") VALUES ($1, $2, $3) RETURNING "id"[0m  [["title", "#ASP"], ["created_at", "2020-10-27 04:54:51.158718"], ["updated_at", "2020-10-27 04:54:51.158718"]]
  [1m[35m (0.6ms)[0m  [1m[35mCOMMIT[0m
  [1m[35m (0.1ms)[0m  [1m[35mBEGIN[0m
  [1m[36mTag Create (0.3ms)[0m  [1m[32mINSERT INTO "tags" ("title", "created_at", "updated_at") VALUES ($1, $2, $3) RETURNING "id"[0m  [["title", "#Magnaguard"], ["created_at", "2020-10-27 04:54:51.165024"], ["updated_at", "2020-10-27 04:54:51.165024"]]
  [1m[35m (0.5ms)[0m  [1m[35mCOMMIT[0m
  [1m[35m (0.1ms)[0m  [1m[35mBEGIN[0m
  [1m[36mTag Create (0.3ms)[0m  [1m[32mINSERT INTO "tags" ("title", "created_at", "updated_at") VALUES ($1, $2, $3) RETURNING "id"[0m  [["title", "#Vulture Droid"], ["created_at", "2020-10-27 04:54:51.170768"], ["updated_at", "2020-10-27 04:54:51.170768"]]
  [1m[35m (0.6ms)[0m  [1m[35mCOMMIT[0m
  [1m[35m (0.0ms)[0m  [1m[35mBEGIN[0m
  [1m[36mTag Create (0.2ms)[0m  [1m[32mINSERT INTO "tags" ("title", "created_at", "updated_at") VALUES ($1, $2, $3) RETURNING "id"[0m  [["title", "#ID9"], ["created_at", "2020-10-27 04:54:51.175357"], ["updated_at", "2020-10-27 04:54:51.175357"]]
  [1m[35m (0.5ms)[0m  [1m[35mCOMMIT[0m
  [1m[35m (0.0ms)[0m  [1m[35mBEGIN[0m
  [1m[36mTag Create (0.2ms)[0m  [1m[32mINSERT INTO "tags" ("title", "created_at", "updated_at") VALUES ($1, $2, $3) RETURNING "id"[0m  [["title", "#B2-RP"], ["created_at", "2020-10-27 04:54:51.179009"], ["updated_at", "2020-10-27 04:54:51.179009"]]
  [1m[35m (0.5ms)[0m  [1m[35mCOMMIT[0m
  [1m[35m (0.1ms)[0m  [1m[35mBEGIN[0m
  [1m[36mTag Create (0.3ms)[0m  [1m[32mINSERT INTO "tags" ("title", "created_at", "updated_at") VALUES ($1, $2, $3) RETURNING "id"[0m  [["title", "#FA-4"], ["created_at", "2020-10-27 04:54:51.186748"], ["updated_at", "2020-10-27 04:54:51.186748"]]
  [1m[35m (4.6ms)[0m  [1m[35mCOMMIT[0m
  [1m[35m (0.1ms)[0m  [1m[35mBEGIN[0m
  [1m[36mTag Create (0.4ms)[0m  [1m[32mINSERT INTO "tags" ("title", "created_at", "updated_at") VALUES ($1, $2, $3) RETURNING "id"[0m  [["title", "#FA-4"], ["created_at", "2020-10-27 04:54:51.210490"], ["updated_at", "2020-10-27 04:54:51.210490"]]
  [1m[35m (0.6ms)[0m  [1m[35mCOMMIT[0m
  [1m[35m (0.1ms)[0m  [1m[35mBEGIN[0m
  [1m[36mTag Create (0.3ms)[0m  [1m[32mINSERT INTO "tags" ("title", "created_at", "updated_at") VALUES ($1, $2, $3) RETURNING "id"[0m  [["title", "#Mouse Droid"], ["created_at", "2020-10-27 04:54:51.214128"], ["updated_at", "2020-10-27 04:54:51.214128"]]
  [1m[35m (0.5ms)[0m  [1m[35mCOMMIT[0m
  [1m[35m (0.1ms)[0m  [1m[35mBEGIN[0m
  [1m[36mGossip Create (0.7ms)[0m  [1m[32mINSERT INTO "gossips" ("title", "content", "user_id", "created_at", "updated_at") VALUES ($1, $2, $3, $4, $5) RETURNING "id"[0m  [["title", "Naboo"], ["content", "Size matters not. Look at me. Judge me by my size, do you? Hmm? Hmm. And well you should not. For my ally is the Force, and a powerful ally it is. Life creates it, makes it grow. Its energy surrounds us and binds us. Luminous beings are we, not this crude matter. You must feel the Force around you; here, between you, me, the tree, the rock, everywhere, yes. Even between the land and the ship."], ["user_id", 5], ["created_at", "2020-10-27 04:54:51.231335"], ["updated_at", "2020-10-27 04:54:51.231335"]]
  [1m[35m (0.6ms)[0m  [1m[35mCOMMIT[0m
  [1m[35m (0.1ms)[0m  [1m[35mBEGIN[0m
  [1m[36mGossip Create (0.3ms)[0m  [1m[32mINSERT INTO "gossips" ("title", "content", "user_id", "created_at", "updated_at") VALUES ($1, $2, $3, $4, $5) RETURNING "id"[0m  [["title", "Hoth"], ["content", "Through the Force, things you will see. Other places. The future - the past. Old friends long gone."], ["user_id", 8], ["created_at", "2020-10-27 04:54:51.236122"], ["updated_at", "2020-10-27 04:54:51.236122"]]
  [1m[35m (0.5ms)[0m  [1m[35mCOMMIT[0m
  [1m[35m (0.1ms)[0m  [1m[35mBEGIN[0m
  [1m[36mGossip Create (0.3ms)[0m  [1m[32mINSERT INTO "gossips" ("title", "content", "user_id", "created_at", "updated_at") VALUES ($1, $2, $3, $4, $5) RETURNING "id"[0m  [["title", "Kashyyyk"], ["content", "Not if anything to say about it I have"], ["user_id", 3], ["created_at", "2020-10-27 04:54:51.239609"], ["updated_at", "2020-10-27 04:54:51.239609"]]
  [1m[35m (1.5ms)[0m  [1m[35mCOMMIT[0m
  [1m[35m (0.1ms)[0m  [1m[35mBEGIN[0m
  [1m[36mGossip Create (0.4ms)[0m  [1m[32mINSERT INTO "gossips" ("title", "content", "user_id", "created_at", "updated_at") VALUES ($1, $2, $3, $4, $5) RETURNING "id"[0m  [["title", "Hosnian Prime"], ["content", "Use your feelings, Obi-Wan, and find him you will."], ["user_id", 4], ["created_at", "2020-10-27 04:54:51.244268"], ["updated_at", "2020-10-27 04:54:51.244268"]]
  [1m[35m (0.6ms)[0m  [1m[35mCOMMIT[0m
  [1m[35m (0.1ms)[0m  [1m[35mBEGIN[0m
  [1m[36mGossip Create (0.2ms)[0m  [1m[32mINSERT INTO "gossips" ("title", "content", "user_id", "created_at", "updated_at") VALUES ($1, $2, $3, $4, $5) RETURNING "id"[0m  [["title", "Eadu"], ["content", "Ow, ow, OW! On my ear you are!"], ["user_id", 7], ["created_at", "2020-10-27 04:54:51.248709"], ["updated_at", "2020-10-27 04:54:51.248709"]]
  [1m[35m (0.5ms)[0m  [1m[35mCOMMIT[0m
  [1m[35m (0.1ms)[0m  [1m[35mBEGIN[0m
  [1m[36mGossip Create (0.2ms)[0m  [1m[32mINSERT INTO "gossips" ("title", "content", "user_id", "created_at", "updated_at") VALUES ($1, $2, $3, $4, $5) RETURNING "id"[0m  [["title", "Bespin"], ["content", "Much to learn you still have my old padawan. ... This is just the beginning!"], ["user_id", 4], ["created_at", "2020-10-27 04:54:51.252882"], ["updated_at", "2020-10-27 04:54:51.252882"]]
  [1m[35m (0.5ms)[0m  [1m[35mCOMMIT[0m
  [1m[35m (0.1ms)[0m  [1m[35mBEGIN[0m
  [1m[36mGossip Create (0.2ms)[0m  [1m[32mINSERT INTO "gossips" ("title", "content", "user_id", "created_at", "updated_at") VALUES ($1, $2, $3, $4, $5) RETURNING "id"[0m  [["title", "Takodana"], ["content", "Ready are you? What know you of ready? For eight hundred years have I trained Jedi. My own counsel will I keep on who is to be trained. A Jedi must have the deepest commitment, the most serious mind. This one a long time have I watched. All his life has he looked away - to the future, to the horizon. Never his mind on where he was. Hmm? What he was doing. Hmph. Adventure. Heh. Excitement. Heh. A Jedi craves not these things. You are reckless."], ["user_id", 8], ["created_at", "2020-10-27 04:54:51.256997"], ["updated_at", "2020-10-27 04:54:51.256997"]]
  [1m[35m (0.5ms)[0m  [1m[35mCOMMIT[0m
  [1m[35m (0.1ms)[0m  [1m[35mBEGIN[0m
  [1m[36mGossip Create (0.3ms)[0m  [1m[32mINSERT INTO "gossips" ("title", "content", "user_id", "created_at", "updated_at") VALUES ($1, $2, $3, $4, $5) RETURNING "id"[0m  [["title", "Dathomir"], ["content", "Feel the force!"], ["user_id", 7], ["created_at", "2020-10-27 04:54:51.260555"], ["updated_at", "2020-10-27 04:54:51.260555"]]
  [1m[35m (0.5ms)[0m  [1m[35mCOMMIT[0m
  [1m[35m (0.0ms)[0m  [1m[35mBEGIN[0m
  [1m[36mGossip Create (0.3ms)[0m  [1m[32mINSERT INTO "gossips" ("title", "content", "user_id", "created_at", "updated_at") VALUES ($1, $2, $3, $4, $5) RETURNING "id"[0m  [["title", "Starkiller Base"], ["content", "Reckless he is. Matters are worse."], ["user_id", 6], ["created_at", "2020-10-27 04:54:51.263995"], ["updated_at", "2020-10-27 04:54:51.263995"]]
  [1m[35m (0.5ms)[0m  [1m[35mCOMMIT[0m
  [1m[35m (0.1ms)[0m  [1m[35mBEGIN[0m
  [1m[36mGossip Create (0.3ms)[0m  [1m[32mINSERT INTO "gossips" ("title", "content", "user_id", "created_at", "updated_at") VALUES ($1, $2, $3, $4, $5) RETURNING "id"[0m  [["title", "Mustafar"], ["content", "Do. Or do not. There is no try."], ["user_id", 6], ["created_at", "2020-10-27 04:54:51.267752"], ["updated_at", "2020-10-27 04:54:51.267752"]]
  [1m[35m (0.5ms)[0m  [1m[35mCOMMIT[0m
  [1m[35m (0.1ms)[0m  [1m[35mBEGIN[0m
  [1m[36mGossip Create (0.3ms)[0m  [1m[32mINSERT INTO "gossips" ("title", "content", "user_id", "created_at", "updated_at") VALUES ($1, $2, $3, $4, $5) RETURNING "id"[0m  [["title", "Cloud City"], ["content", "Do not assume anything Obi-Wan. Clear your mind must be if you are to discover the real villains behind this plot."], ["user_id", 5], ["created_at", "2020-10-27 04:54:51.272067"], ["updated_at", "2020-10-27 04:54:51.272067"]]
  [1m[35m (0.6ms)[0m  [1m[35mCOMMIT[0m
  [1m[35m (0.1ms)[0m  [1m[35mBEGIN[0m
  [1m[36mGossip Create (0.3ms)[0m  [1m[32mINSERT INTO "gossips" ("title", "content", "user_id", "created_at", "updated_at") VALUES ($1, $2, $3, $4, $5) RETURNING "id"[0m  [["title", "Cantonica"], ["content", "Ow, ow, OW! On my ear you are!"], ["user_id", 10], ["created_at", "2020-10-27 04:54:51.276487"], ["updated_at", "2020-10-27 04:54:51.276487"]]
  [1m[35m (0.5ms)[0m  [1m[35mCOMMIT[0m
  [1m[35m (0.1ms)[0m  [1m[35mBEGIN[0m
  [1m[36mGossip Create (0.3ms)[0m  [1m[32mINSERT INTO "gossips" ("title", "content", "user_id", "created_at", "updated_at") VALUES ($1, $2, $3, $4, $5) RETURNING "id"[0m  [["title", "Sullust"], ["content", "Reckless he is. Matters are worse."], ["user_id", 2], ["created_at", "2020-10-27 04:54:51.280788"], ["updated_at", "2020-10-27 04:54:51.280788"]]
  [1m[35m (0.5ms)[0m  [1m[35mCOMMIT[0m
  [1m[35m (0.1ms)[0m  [1m[35mBEGIN[0m
  [1m[36mGossip Create (0.3ms)[0m  [1m[32mINSERT INTO "gossips" ("title", "content", "user_id", "created_at", "updated_at") VALUES ($1, $2, $3, $4, $5) RETURNING "id"[0m  [["title", "Cantonica"], ["content", "Feel the force!"], ["user_id", 4], ["created_at", "2020-10-27 04:54:51.285242"], ["updated_at", "2020-10-27 04:54:51.285242"]]
  [1m[35m (0.6ms)[0m  [1m[35mCOMMIT[0m
  [1m[35m (0.1ms)[0m  [1m[35mBEGIN[0m
  [1m[36mGossip Create (0.3ms)[0m  [1m[32mINSERT INTO "gossips" ("title", "content", "user_id", "created_at", "updated_at") VALUES ($1, $2, $3, $4, $5) RETURNING "id"[0m  [["title", "Hoth"], ["content", "Hmm. In the end, cowards are those who follow the dark side."], ["user_id", 8], ["created_at", "2020-10-27 04:54:51.289682"], ["updated_at", "2020-10-27 04:54:51.289682"]]
  [1m[35m (0.6ms)[0m  [1m[35mCOMMIT[0m
  [1m[35m (0.1ms)[0m  [1m[35mBEGIN[0m
  [1m[36mGossip Create (0.3ms)[0m  [1m[32mINSERT INTO "gossips" ("title", "content", "user_id", "created_at", "updated_at") VALUES ($1, $2, $3, $4, $5) RETURNING "id"[0m  [["title", "Hosnian Prime"], ["content", "Do not assume anything Obi-Wan. Clear your mind must be if you are to discover the real villains behind this plot."], ["user_id", 6], ["created_at", "2020-10-27 04:54:51.294129"], ["updated_at", "2020-10-27 04:54:51.294129"]]
  [1m[35m (0.5ms)[0m  [1m[35mCOMMIT[0m
  [1m[35m (0.1ms)[0m  [1m[35mBEGIN[0m
  [1m[36mGossip Create (0.3ms)[0m  [1m[32mINSERT INTO "gossips" ("title", "content", "user_id", "created_at", "updated_at") VALUES ($1, $2, $3, $4, $5) RETURNING "id"[0m  [["title", "Felucia"], ["content", "Adventure. Excitement. A Jedi craves not these things."], ["user_id", 5], ["created_at", "2020-10-27 04:54:51.298376"], ["updated_at", "2020-10-27 04:54:51.298376"]]
  [1m[35m (0.5ms)[0m  [1m[35mCOMMIT[0m
  [1m[35m (0.1ms)[0m  [1m[35mBEGIN[0m
  [1m[36mGossip Create (0.3ms)[0m  [1m[32mINSERT INTO "gossips" ("title", "content", "user_id", "created_at", "updated_at") VALUES ($1, $2, $3, $4, $5) RETURNING "id"[0m  [["title", "Eadu"], ["content", "You will find only what you bring in."], ["user_id", 9], ["created_at", "2020-10-27 04:54:51.302744"], ["updated_at", "2020-10-27 04:54:51.302744"]]
  [1m[35m (0.5ms)[0m  [1m[35mCOMMIT[0m
  [1m[35m (0.1ms)[0m  [1m[35mBEGIN[0m
  [1m[36mGossip Create (0.3ms)[0m  [1m[32mINSERT INTO "gossips" ("title", "content", "user_id", "created_at", "updated_at") VALUES ($1, $2, $3, $4, $5) RETURNING "id"[0m  [["title", "Geonosis"], ["content", "Like fire across the galaxy the Clone Wars spread. In league with the wicked Count Dooku, more and more planets slip. Against this threat, upon the Jedi Knights falls the duty to lead the newly formed army of the Republic. And as the heat of war grows, so, to, grows the prowess of one most gifted student of the Force."], ["user_id", 10], ["created_at", "2020-10-27 04:54:51.307017"], ["updated_at", "2020-10-27 04:54:51.307017"]]
  [1m[35m (0.5ms)[0m  [1m[35mCOMMIT[0m
  [1m[35m (0.1ms)[0m  [1m[35mBEGIN[0m
  [1m[36mGossip Create (0.3ms)[0m  [1m[32mINSERT INTO "gossips" ("title", "content", "user_id", "created_at", "updated_at") VALUES ($1, $2, $3, $4, $5) RETURNING "id"[0m  [["title", "Ahch-To"], ["content", "Ready are you? What know you of ready? For eight hundred years have I trained Jedi. My own counsel will I keep on who is to be trained. A Jedi must have the deepest commitment, the most serious mind. This one a long time have I watched. All his life has he looked away - to the future, to the horizon. Never his mind on where he was. Hmm? What he was doing. Hmph. Adventure. Heh. Excitement. Heh. A Jedi craves not these things. You are reckless."], ["user_id", 8], ["created_at", "2020-10-27 04:54:51.311457"], ["updated_at", "2020-10-27 04:54:51.311457"]]
  [1m[35m (0.5ms)[0m  [1m[35mCOMMIT[0m
  [1m[35m (0.1ms)[0m  [1m[35mBEGIN[0m
  [1m[36mLinktag Create (0.8ms)[0m  [1m[32mINSERT INTO "linktags" ("gossip_id", "tag_id", "created_at", "updated_at") VALUES ($1, $2, $3, $4) RETURNING "id"[0m  [["gossip_id", 12], ["tag_id", 6], ["created_at", "2020-10-27 04:54:51.326525"], ["updated_at", "2020-10-27 04:54:51.326525"]]
  [1m[35m (0.5ms)[0m  [1m[35mCOMMIT[0m
  [1m[35m (0.1ms)[0m  [1m[35mBEGIN[0m
  [1m[36mLinktag Create (0.2ms)[0m  [1m[32mINSERT INTO "linktags" ("gossip_id", "tag_id", "created_at", "updated_at") VALUES ($1, $2, $3, $4) RETURNING "id"[0m  [["gossip_id", 16], ["tag_id", 4], ["created_at", "2020-10-27 04:54:51.331550"], ["updated_at", "2020-10-27 04:54:51.331550"]]
  [1m[35m (0.5ms)[0m  [1m[35mCOMMIT[0m
  [1m[35m (0.1ms)[0m  [1m[35mBEGIN[0m
  [1m[36mLinktag Create (0.2ms)[0m  [1m[32mINSERT INTO "linktags" ("gossip_id", "tag_id", "created_at", "updated_at") VALUES ($1, $2, $3, $4) RETURNING "id"[0m  [["gossip_id", 11], ["tag_id", 5], ["created_at", "2020-10-27 04:54:51.335641"], ["updated_at", "2020-10-27 04:54:51.335641"]]
  [1m[35m (0.5ms)[0m  [1m[35mCOMMIT[0m
  [1m[35m (0.1ms)[0m  [1m[35mBEGIN[0m
  [1m[36mLinktag Create (0.3ms)[0m  [1m[32mINSERT INTO "linktags" ("gossip_id", "tag_id", "created_at", "updated_at") VALUES ($1, $2, $3, $4) RETURNING "id"[0m  [["gossip_id", 5], ["tag_id", 9], ["created_at", "2020-10-27 04:54:51.339595"], ["updated_at", "2020-10-27 04:54:51.339595"]]
  [1m[35m (0.5ms)[0m  [1m[35mCOMMIT[0m
  [1m[35m (0.1ms)[0m  [1m[35mBEGIN[0m
  [1m[36mLinktag Create (0.2ms)[0m  [1m[32mINSERT INTO "linktags" ("gossip_id", "tag_id", "created_at", "updated_at") VALUES ($1, $2, $3, $4) RETURNING "id"[0m  [["gossip_id", 9], ["tag_id", 9], ["created_at", "2020-10-27 04:54:51.343765"], ["updated_at", "2020-10-27 04:54:51.343765"]]
  [1m[35m (0.5ms)[0m  [1m[35mCOMMIT[0m
  [1m[35m (0.1ms)[0m  [1m[35mBEGIN[0m
  [1m[36mLinktag Create (0.2ms)[0m  [1m[32mINSERT INTO "linktags" ("gossip_id", "tag_id", "created_at", "updated_at") VALUES ($1, $2, $3, $4) RETURNING "id"[0m  [["gossip_id", 20], ["tag_id", 3], ["created_at", "2020-10-27 04:54:51.347222"], ["updated_at", "2020-10-27 04:54:51.347222"]]
  [1m[35m (0.5ms)[0m  [1m[35mCOMMIT[0m
  [1m[35m (0.1ms)[0m  [1m[35mBEGIN[0m
  [1m[36mLinktag Create (0.2ms)[0m  [1m[32mINSERT INTO "linktags" ("gossip_id", "tag_id", "created_at", "updated_at") VALUES ($1, $2, $3, $4) RETURNING "id"[0m  [["gossip_id", 2], ["tag_id", 3], ["created_at", "2020-10-27 04:54:51.350339"], ["updated_at", "2020-10-27 04:54:51.350339"]]
  [1m[35m (0.5ms)[0m  [1m[35mCOMMIT[0m
  [1m[35m (0.1ms)[0m  [1m[35mBEGIN[0m
  [1m[36mLinktag Create (0.2ms)[0m  [1m[32mINSERT INTO "linktags" ("gossip_id", "tag_id", "created_at", "updated_at") VALUES ($1, $2, $3, $4) RETURNING "id"[0m  [["gossip_id", 20], ["tag_id", 4], ["created_at", "2020-10-27 04:54:51.353441"], ["updated_at", "2020-10-27 04:54:51.353441"]]
  [1m[35m (0.6ms)[0m  [1m[35mCOMMIT[0m
  [1m[35m (0.1ms)[0m  [1m[35mBEGIN[0m
  [1m[36mLinktag Create (0.3ms)[0m  [1m[32mINSERT INTO "linktags" ("gossip_id", "tag_id", "created_at", "updated_at") VALUES ($1, $2, $3, $4) RETURNING "id"[0m  [["gossip_id", 6], ["tag_id", 8], ["created_at", "2020-10-27 04:54:51.357459"], ["updated_at", "2020-10-27 04:54:51.357459"]]
  [1m[35m (0.5ms)[0m  [1m[35mCOMMIT[0m
  [1m[35m (0.1ms)[0m  [1m[35mBEGIN[0m
  [1m[36mLinktag Create (0.3ms)[0m  [1m[32mINSERT INTO "linktags" ("gossip_id", "tag_id", "created_at", "updated_at") VALUES ($1, $2, $3, $4) RETURNING "id"[0m  [["gossip_id", 16], ["tag_id", 3], ["created_at", "2020-10-27 04:54:51.361904"], ["updated_at", "2020-10-27 04:54:51.361904"]]
  [1m[35m (0.5ms)[0m  [1m[35mCOMMIT[0m
  [1m[35m (0.1ms)[0m  [1m[35mBEGIN[0m
  [1m[36mLinktag Create (0.3ms)[0m  [1m[32mINSERT INTO "linktags" ("gossip_id", "tag_id", "created_at", "updated_at") VALUES ($1, $2, $3, $4) RETURNING "id"[0m  [["gossip_id", 13], ["tag_id", 10], ["created_at", "2020-10-27 04:54:51.366064"], ["updated_at", "2020-10-27 04:54:51.366064"]]
  [1m[35m (0.5ms)[0m  [1m[35mCOMMIT[0m
  [1m[35m (0.1ms)[0m  [1m[35mBEGIN[0m
  [1m[36mLinktag Create (0.3ms)[0m  [1m[32mINSERT INTO "linktags" ("gossip_id", "tag_id", "created_at", "updated_at") VALUES ($1, $2, $3, $4) RETURNING "id"[0m  [["gossip_id", 4], ["tag_id", 7], ["created_at", "2020-10-27 04:54:51.370196"], ["updated_at", "2020-10-27 04:54:51.370196"]]
  [1m[35m (0.5ms)[0m  [1m[35mCOMMIT[0m
  [1m[35m (0.1ms)[0m  [1m[35mBEGIN[0m
  [1m[36mLinktag Create (0.3ms)[0m  [1m[32mINSERT INTO "linktags" ("gossip_id", "tag_id", "created_at", "updated_at") VALUES ($1, $2, $3, $4) RETURNING "id"[0m  [["gossip_id", 19], ["tag_id", 3], ["created_at", "2020-10-27 04:54:51.374276"], ["updated_at", "2020-10-27 04:54:51.374276"]]
  [1m[35m (0.6ms)[0m  [1m[35mCOMMIT[0m
  [1m[35m (0.1ms)[0m  [1m[35mBEGIN[0m
  [1m[36mLinktag Create (0.3ms)[0m  [1m[32mINSERT INTO "linktags" ("gossip_id", "tag_id", "created_at", "updated_at") VALUES ($1, $2, $3, $4) RETURNING "id"[0m  [["gossip_id", 14], ["tag_id", 1], ["created_at", "2020-10-27 04:54:51.378398"], ["updated_at", "2020-10-27 04:54:51.378398"]]
  [1m[35m (0.6ms)[0m  [1m[35mCOMMIT[0m
  [1m[35m (0.1ms)[0m  [1m[35mBEGIN[0m
  [1m[36mLinktag Create (0.3ms)[0m  [1m[32mINSERT INTO "linktags" ("gossip_id", "tag_id", "created_at", "updated_at") VALUES ($1, $2, $3, $4) RETURNING "id"[0m  [["gossip_id", 13], ["tag_id", 8], ["created_at", "2020-10-27 04:54:51.382470"], ["updated_at", "2020-10-27 04:54:51.382470"]]
  [1m[35m (0.5ms)[0m  [1m[35mCOMMIT[0m
  [1m[35m (0.1ms)[0m  [1m[35mBEGIN[0m
  [1m[36mLinktag Create (0.3ms)[0m  [1m[32mINSERT INTO "linktags" ("gossip_id", "tag_id", "created_at", "updated_at") VALUES ($1, $2, $3, $4) RETURNING "id"[0m  [["gossip_id", 8], ["tag_id", 3], ["created_at", "2020-10-27 04:54:51.386544"], ["updated_at", "2020-10-27 04:54:51.386544"]]
  [1m[35m (0.5ms)[0m  [1m[35mCOMMIT[0m
  [1m[35m (0.1ms)[0m  [1m[35mBEGIN[0m
  [1m[36mLinktag Create (0.3ms)[0m  [1m[32mINSERT INTO "linktags" ("gossip_id", "tag_id", "created_at", "updated_at") VALUES ($1, $2, $3, $4) RETURNING "id"[0m  [["gossip_id", 20], ["tag_id", 10], ["created_at", "2020-10-27 04:54:51.390553"], ["updated_at", "2020-10-27 04:54:51.390553"]]
  [1m[35m (0.5ms)[0m  [1m[35mCOMMIT[0m
  [1m[35m (0.1ms)[0m  [1m[35mBEGIN[0m
  [1m[36mLinktag Create (0.3ms)[0m  [1m[32mINSERT INTO "linktags" ("gossip_id", "tag_id", "created_at", "updated_at") VALUES ($1, $2, $3, $4) RETURNING "id"[0m  [["gossip_id", 6], ["tag_id", 2], ["created_at", "2020-10-27 04:54:51.394628"], ["updated_at", "2020-10-27 04:54:51.394628"]]
  [1m[35m (0.6ms)[0m  [1m[35mCOMMIT[0m
  [1m[35m (0.1ms)[0m  [1m[35mBEGIN[0m
  [1m[36mLinktag Create (0.3ms)[0m  [1m[32mINSERT INTO "linktags" ("gossip_id", "tag_id", "created_at", "updated_at") VALUES ($1, $2, $3, $4) RETURNING "id"[0m  [["gossip_id", 3], ["tag_id", 1], ["created_at", "2020-10-27 04:54:51.398767"], ["updated_at", "2020-10-27 04:54:51.398767"]]
  [1m[35m (0.6ms)[0m  [1m[35mCOMMIT[0m
  [1m[35m (0.1ms)[0m  [1m[35mBEGIN[0m
  [1m[36mLinktag Create (0.3ms)[0m  [1m[32mINSERT INTO "linktags" ("gossip_id", "tag_id", "created_at", "updated_at") VALUES ($1, $2, $3, $4) RETURNING "id"[0m  [["gossip_id", 14], ["tag_id", 2], ["created_at", "2020-10-27 04:54:51.402937"], ["updated_at", "2020-10-27 04:54:51.402937"]]
  [1m[35m (0.6ms)[0m  [1m[35mCOMMIT[0m
  [1m[35m (0.1ms)[0m  [1m[35mBEGIN[0m
  [1m[36mLinktag Create (0.2ms)[0m  [1m[32mINSERT INTO "linktags" ("gossip_id", "tag_id", "created_at", "updated_at") VALUES ($1, $2, $3, $4) RETURNING "id"[0m  [["gossip_id", 4], ["tag_id", 7], ["created_at", "2020-10-27 04:54:51.407094"], ["updated_at", "2020-10-27 04:54:51.407094"]]
  [1m[35m (0.5ms)[0m  [1m[35mCOMMIT[0m
  [1m[35m (0.1ms)[0m  [1m[35mBEGIN[0m
  [1m[36mLinktag Create (0.2ms)[0m  [1m[32mINSERT INTO "linktags" ("gossip_id", "tag_id", "created_at", "updated_at") VALUES ($1, $2, $3, $4) RETURNING "id"[0m  [["gossip_id", 6], ["tag_id", 6], ["created_at", "2020-10-27 04:54:51.411106"], ["updated_at", "2020-10-27 04:54:51.411106"]]
  [1m[35m (0.5ms)[0m  [1m[35mCOMMIT[0m
  [1m[35m (0.1ms)[0m  [1m[35mBEGIN[0m
  [1m[36mLinktag Create (0.3ms)[0m  [1m[32mINSERT INTO "linktags" ("gossip_id", "tag_id", "created_at", "updated_at") VALUES ($1, $2, $3, $4) RETURNING "id"[0m  [["gossip_id", 13], ["tag_id", 3], ["created_at", "2020-10-27 04:54:51.415148"], ["updated_at", "2020-10-27 04:54:51.415148"]]
  [1m[35m (0.6ms)[0m  [1m[35mCOMMIT[0m
  [1m[35m (0.1ms)[0m  [1m[35mBEGIN[0m
  [1m[36mLinktag Create (0.3ms)[0m  [1m[32mINSERT INTO "linktags" ("gossip_id", "tag_id", "created_at", "updated_at") VALUES ($1, $2, $3, $4) RETURNING "id"[0m  [["gossip_id", 18], ["tag_id", 3], ["created_at", "2020-10-27 04:54:51.419371"], ["updated_at", "2020-10-27 04:54:51.419371"]]
  [1m[35m (0.9ms)[0m  [1m[35mCOMMIT[0m
  [1m[35m (0.1ms)[0m  [1m[35mBEGIN[0m
  [1m[36mLinktag Create (0.2ms)[0m  [1m[32mINSERT INTO "linktags" ("gossip_id", "tag_id", "created_at", "updated_at") VALUES ($1, $2, $3, $4) RETURNING "id"[0m  [["gossip_id", 3], ["tag_id", 6], ["created_at", "2020-10-27 04:54:51.424005"], ["updated_at", "2020-10-27 04:54:51.424005"]]
  [1m[35m (0.9ms)[0m  [1m[35mCOMMIT[0m
  [1m[35m (0.1ms)[0m  [1m[35mBEGIN[0m
  [1m[36mLinktag Create (0.2ms)[0m  [1m[32mINSERT INTO "linktags" ("gossip_id", "tag_id", "created_at", "updated_at") VALUES ($1, $2, $3, $4) RETURNING "id"[0m  [["gossip_id", 3], ["tag_id", 6], ["created_at", "2020-10-27 04:54:51.428399"], ["updated_at", "2020-10-27 04:54:51.428399"]]
  [1m[35m (0.8ms)[0m  [1m[35mCOMMIT[0m
  [1m[35m (0.1ms)[0m  [1m[35mBEGIN[0m
  [1m[36mLinktag Create (0.3ms)[0m  [1m[32mINSERT INTO "linktags" ("gossip_id", "tag_id", "created_at", "updated_at") VALUES ($1, $2, $3, $4) RETURNING "id"[0m  [["gossip_id", 1], ["tag_id", 4], ["created_at", "2020-10-27 04:54:51.432750"], ["updated_at", "2020-10-27 04:54:51.432750"]]
  [1m[35m (0.9ms)[0m  [1m[35mCOMMIT[0m
  [1m[35m (0.1ms)[0m  [1m[35mBEGIN[0m
  [1m[36mLinktag Create (0.3ms)[0m  [1m[32mINSERT INTO "linktags" ("gossip_id", "tag_id", "created_at", "updated_at") VALUES ($1, $2, $3, $4) RETURNING "id"[0m  [["gossip_id", 14], ["tag_id", 10], ["created_at", "2020-10-27 04:54:51.437281"], ["updated_at", "2020-10-27 04:54:51.437281"]]
  [1m[35m (0.9ms)[0m  [1m[35mCOMMIT[0m
  [1m[35m (0.1ms)[0m  [1m[35mBEGIN[0m
  [1m[36mLinktag Create (0.3ms)[0m  [1m[32mINSERT INTO "linktags" ("gossip_id", "tag_id", "created_at", "updated_at") VALUES ($1, $2, $3, $4) RETURNING "id"[0m  [["gossip_id", 6], ["tag_id", 7], ["created_at", "2020-10-27 04:54:51.441829"], ["updated_at", "2020-10-27 04:54:51.441829"]]
  [1m[35m (0.9ms)[0m  [1m[35mCOMMIT[0m
  [1m[35m (0.2ms)[0m  [1m[35mBEGIN[0m
  [1m[36mLinktag Create (0.6ms)[0m  [1m[32mINSERT INTO "linktags" ("gossip_id", "tag_id", "created_at", "updated_at") VALUES ($1, $2, $3, $4) RETURNING "id"[0m  [["gossip_id", 2], ["tag_id", 10], ["created_at", "2020-10-27 04:54:51.446366"], ["updated_at", "2020-10-27 04:54:51.446366"]]
  [1m[35m (1.0ms)[0m  [1m[35mCOMMIT[0m
  [1m[35m (0.1ms)[0m  [1m[35mBEGIN[0m
  [1m[36mPrivateMessage Create (0.9ms)[0m  [1m[32mINSERT INTO "private_messages" ("content", "recipient_id", "sender_id", "created_at", "updated_at") VALUES ($1, $2, $3, $4, $5) RETURNING "id"[0m  [["content", "Look, you can’t design your life like a building. It doesn’t work that way. You just have to live it… and it’ll design itself."], ["recipient_id", 1], ["sender_id", 10], ["created_at", "2020-10-27 04:54:51.467265"], ["updated_at", "2020-10-27 04:54:51.467265"]]
  [1m[35m (0.9ms)[0m  [1m[35mCOMMIT[0m
  [1m[35m (0.1ms)[0m  [1m[35mBEGIN[0m
  [1m[36mPrivateMessage Create (0.3ms)[0m  [1m[32mINSERT INTO "private_messages" ("content", "recipient_id", "sender_id", "created_at", "updated_at") VALUES ($1, $2, $3, $4, $5) RETURNING "id"[0m  [["content", "Definitions are important."], ["recipient_id", 1], ["sender_id", 3], ["created_at", "2020-10-27 04:54:51.472904"], ["updated_at", "2020-10-27 04:54:51.472904"]]
  [1m[35m (0.9ms)[0m  [1m[35mCOMMIT[0m
  [1m[35m (0.1ms)[0m  [1m[35mBEGIN[0m
  [1m[36mPrivateMessage Create (0.3ms)[0m  [1m[32mINSERT INTO "private_messages" ("content", "recipient_id", "sender_id", "created_at", "updated_at") VALUES ($1, $2, $3, $4, $5) RETURNING "id"[0m  [["content", "The littlest thing can cause a ripple effect that changes your life."], ["recipient_id", 9], ["sender_id", 9], ["created_at", "2020-10-27 04:54:51.477800"], ["updated_at", "2020-10-27 04:54:51.477800"]]
  [1m[35m (0.9ms)[0m  [1m[35mCOMMIT[0m
  [1m[35m (0.1ms)[0m  [1m[35mBEGIN[0m
  [1m[36mPrivateMessage Create (0.4ms)[0m  [1m[32mINSERT INTO "private_messages" ("content", "recipient_id", "sender_id", "created_at", "updated_at") VALUES ($1, $2, $3, $4, $5) RETURNING "id"[0m  [["content", "Look, you can’t design your life like a building. It doesn’t work that way. You just have to live it… and it’ll design itself."], ["recipient_id", 2], ["sender_id", 8], ["created_at", "2020-10-27 04:54:51.482805"], ["updated_at", "2020-10-27 04:54:51.482805"]]
  [1m[35m (0.9ms)[0m  [1m[35mCOMMIT[0m
  [1m[35m (0.1ms)[0m  [1m[35mBEGIN[0m
  [1m[36mPrivateMessage Create (0.3ms)[0m  [1m[32mINSERT INTO "private_messages" ("content", "recipient_id", "sender_id", "created_at", "updated_at") VALUES ($1, $2, $3, $4, $5) RETURNING "id"[0m  [["content", "I keep waiting for it to happen. I’m waiting for it to happen. I guess I’m just tired of waiting. And that is all I’m going to say on that subject."], ["recipient_id", 8], ["sender_id", 5], ["created_at", "2020-10-27 04:54:51.490903"], ["updated_at", "2020-10-27 04:54:51.490903"]]
  [1m[35m (0.9ms)[0m  [1m[35mCOMMIT[0m
Started GET "/" for ::1 at 2020-10-27 05:55:02 +0100
  [1m[35m (0.4ms)[0m  [1m[34mSELECT "schema_migrations"."version" FROM "schema_migrations" ORDER BY "schema_migrations"."version" ASC[0m
Processing by StaticPagesController#home as HTML
  [1m[36mGossip Load (0.6ms)[0m  [1m[34mSELECT "gossips".* FROM "gossips"[0m
  ↳ app/controllers/static_pages_controller.rb:3:in `home'
  Rendering static_pages/home.html.erb within layouts/application
  [1m[36mUser Load (0.4ms)[0m  [1m[34mSELECT "users".* FROM "users" WHERE "users"."id" = $1 LIMIT $2[0m  [["id", 5], ["LIMIT", 1]]
  ↳ app/views/static_pages/home.html.erb:21
  [1m[36mUser Load (0.4ms)[0m  [1m[34mSELECT "users".* FROM "users" WHERE "users"."id" = $1 LIMIT $2[0m  [["id", 8], ["LIMIT", 1]]
  ↳ app/views/static_pages/home.html.erb:21
  [1m[36mUser Load (0.2ms)[0m  [1m[34mSELECT "users".* FROM "users" WHERE "users"."id" = $1 LIMIT $2[0m  [["id", 3], ["LIMIT", 1]]
  ↳ app/views/static_pages/home.html.erb:21
  [1m[36mUser Load (0.2ms)[0m  [1m[34mSELECT "users".* FROM "users" WHERE "users"."id" = $1 LIMIT $2[0m  [["id", 4], ["LIMIT", 1]]
  ↳ app/views/static_pages/home.html.erb:21
  [1m[36mUser Load (0.2ms)[0m  [1m[34mSELECT "users".* FROM "users" WHERE "users"."id" = $1 LIMIT $2[0m  [["id", 7], ["LIMIT", 1]]
  ↳ app/views/static_pages/home.html.erb:21
  [1m[36mCACHE User Load (0.0ms)[0m  [1m[34mSELECT "users".* FROM "users" WHERE "users"."id" = $1 LIMIT $2[0m  [["id", 4], ["LIMIT", 1]]
  ↳ app/views/static_pages/home.html.erb:21
  [1m[36mCACHE User Load (0.0ms)[0m  [1m[34mSELECT "users".* FROM "users" WHERE "users"."id" = $1 LIMIT $2[0m  [["id", 8], ["LIMIT", 1]]
  ↳ app/views/static_pages/home.html.erb:21
  [1m[36mCACHE User Load (0.0ms)[0m  [1m[34mSELECT "users".* FROM "users" WHERE "users"."id" = $1 LIMIT $2[0m  [["id", 7], ["LIMIT", 1]]
  ↳ app/views/static_pages/home.html.erb:21
  [1m[36mUser Load (0.3ms)[0m  [1m[34mSELECT "users".* FROM "users" WHERE "users"."id" = $1 LIMIT $2[0m  [["id", 6], ["LIMIT", 1]]
  ↳ app/views/static_pages/home.html.erb:21
  [1m[36mCACHE User Load (0.0ms)[0m  [1m[34mSELECT "users".* FROM "users" WHERE "users"."id" = $1 LIMIT $2[0m  [["id", 6], ["LIMIT", 1]]
  ↳ app/views/static_pages/home.html.erb:21
  [1m[36mCACHE User Load (0.0ms)[0m  [1m[34mSELECT "users".* FROM "users" WHERE "users"."id" = $1 LIMIT $2[0m  [["id", 5], ["LIMIT", 1]]
  ↳ app/views/static_pages/home.html.erb:21
  [1m[36mUser Load (0.2ms)[0m  [1m[34mSELECT "users".* FROM "users" WHERE "users"."id" = $1 LIMIT $2[0m  [["id", 10], ["LIMIT", 1]]
  ↳ app/views/static_pages/home.html.erb:21
  [1m[36mUser Load (0.1ms)[0m  [1m[34mSELECT "users".* FROM "users" WHERE "users"."id" = $1 LIMIT $2[0m  [["id", 2], ["LIMIT", 1]]
  ↳ app/views/static_pages/home.html.erb:21
  [1m[36mCACHE User Load (0.0ms)[0m  [1m[34mSELECT "users".* FROM "users" WHERE "users"."id" = $1 LIMIT $2[0m  [["id", 4], ["LIMIT", 1]]
  ↳ app/views/static_pages/home.html.erb:21
  [1m[36mCACHE User Load (0.0ms)[0m  [1m[34mSELECT "users".* FROM "users" WHERE "users"."id" = $1 LIMIT $2[0m  [["id", 8], ["LIMIT", 1]]
  ↳ app/views/static_pages/home.html.erb:21
  [1m[36mCACHE User Load (0.0ms)[0m  [1m[34mSELECT "users".* FROM "users" WHERE "users"."id" = $1 LIMIT $2[0m  [["id", 6], ["LIMIT", 1]]
  ↳ app/views/static_pages/home.html.erb:21
  [1m[36mCACHE User Load (0.0ms)[0m  [1m[34mSELECT "users".* FROM "users" WHERE "users"."id" = $1 LIMIT $2[0m  [["id", 5], ["LIMIT", 1]]
  ↳ app/views/static_pages/home.html.erb:21
  [1m[36mUser Load (0.2ms)[0m  [1m[34mSELECT "users".* FROM "users" WHERE "users"."id" = $1 LIMIT $2[0m  [["id", 9], ["LIMIT", 1]]
  ↳ app/views/static_pages/home.html.erb:21
  [1m[36mCACHE User Load (0.0ms)[0m  [1m[34mSELECT "users".* FROM "users" WHERE "users"."id" = $1 LIMIT $2[0m  [["id", 10], ["LIMIT", 1]]
  ↳ app/views/static_pages/home.html.erb:21
  [1m[36mCACHE User Load (0.0ms)[0m  [1m[34mSELECT "users".* FROM "users" WHERE "users"."id" = $1 LIMIT $2[0m  [["id", 8], ["LIMIT", 1]]
  ↳ app/views/static_pages/home.html.erb:21
  Rendered static_pages/home.html.erb within layouts/application (Duration: 51.5ms | Allocations: 26378)
[Webpacker] Everything's up-to-date. Nothing to do
Completed 200 OK in 86ms (Views: 55.8ms | ActiveRecord: 14.2ms | Allocations: 40032)


Started GET "/gossip/1" for ::1 at 2020-10-27 05:55:04 +0100
Processing by StaticPagesController#gossip as HTML
  Parameters: {"id"=>"1"}
  [1m[36mGossip Load (0.4ms)[0m  [1m[34mSELECT "gossips".* FROM "gossips" WHERE "gossips"."id" = $1 LIMIT $2[0m  [["id", 1], ["LIMIT", 1]]
  ↳ app/controllers/static_pages_controller.rb:17:in `gossip'
  [1m[36mUser Load (0.3ms)[0m  [1m[34mSELECT "users".* FROM "users" WHERE "users"."id" = $1 LIMIT $2[0m  [["id", 5], ["LIMIT", 1]]
  ↳ app/controllers/static_pages_controller.rb:17:in `gossip'
  [1m[36mGossip Load (0.2ms)[0m  [1m[34mSELECT "gossips".* FROM "gossips" WHERE "gossips"."id" = $1 LIMIT $2[0m  [["id", 1], ["LIMIT", 1]]
  ↳ app/controllers/static_pages_controller.rb:18:in `gossip'
  Rendering static_pages/gossip.html.erb within layouts/application
  Rendered static_pages/gossip.html.erb within layouts/application (Duration: 0.4ms | Allocations: 154)
[Webpacker] Everything's up-to-date. Nothing to do
Completed 200 OK in 11ms (Views: 3.8ms | ActiveRecord: 0.9ms | Allocations: 5527)


Started GET "/gossip/5" for ::1 at 2020-10-27 05:55:10 +0100
Processing by StaticPagesController#gossip as HTML
  Parameters: {"id"=>"5"}
  [1m[36mGossip Load (0.3ms)[0m  [1m[34mSELECT "gossips".* FROM "gossips" WHERE "gossips"."id" = $1 LIMIT $2[0m  [["id", 5], ["LIMIT", 1]]
  ↳ app/controllers/static_pages_controller.rb:17:in `gossip'
  [1m[36mUser Load (0.1ms)[0m  [1m[34mSELECT "users".* FROM "users" WHERE "users"."id" = $1 LIMIT $2[0m  [["id", 7], ["LIMIT", 1]]
  ↳ app/controllers/static_pages_controller.rb:17:in `gossip'
  [1m[36mGossip Load (0.3ms)[0m  [1m[34mSELECT "gossips".* FROM "gossips" WHERE "gossips"."id" = $1 LIMIT $2[0m  [["id", 5], ["LIMIT", 1]]
  ↳ app/controllers/static_pages_controller.rb:18:in `gossip'
  Rendering static_pages/gossip.html.erb within layouts/application
  Rendered static_pages/gossip.html.erb within layouts/application (Duration: 0.1ms | Allocations: 15)
[Webpacker] Everything's up-to-date. Nothing to do
Completed 200 OK in 10ms (Views: 4.3ms | ActiveRecord: 0.8ms | Allocations: 5011)


Started GET "/user/8" for ::1 at 2020-10-27 05:55:14 +0100
Processing by StaticPagesController#user as HTML
  Parameters: {"id"=>"8"}
  [1m[36mUser Load (0.3ms)[0m  [1m[34mSELECT "users".* FROM "users" WHERE "users"."id" = $1 LIMIT $2[0m  [["id", 8], ["LIMIT", 1]]
  ↳ app/controllers/static_pages_controller.rb:22:in `user'
  [1m[36mCity Load (0.4ms)[0m  [1m[34mSELECT "cities".* FROM "cities" WHERE "cities"."id" = $1 LIMIT $2[0m  [["id", 4], ["LIMIT", 1]]
  ↳ app/controllers/static_pages_controller.rb:23:in `user'
  Rendering static_pages/user.html.erb within layouts/application
  [1m[36mUser Load (0.1ms)[0m  [1m[34mSELECT "users".* FROM "users" WHERE "users"."id" = $1 LIMIT $2[0m  [["id", 8], ["LIMIT", 1]]
  ↳ app/views/static_pages/user.html.erb:1
  Rendered static_pages/user.html.erb within layouts/application (Duration: 1.6ms | Allocations: 825)
[Webpacker] Everything's up-to-date. Nothing to do
Completed 200 OK in 21ms (Views: 5.2ms | ActiveRecord: 5.4ms | Allocations: 8835)


Started GET "/user/10" for ::1 at 2020-10-27 05:55:17 +0100
Processing by StaticPagesController#user as HTML
  Parameters: {"id"=>"10"}
  [1m[36mUser Load (0.3ms)[0m  [1m[34mSELECT "users".* FROM "users" WHERE "users"."id" = $1 LIMIT $2[0m  [["id", 10], ["LIMIT", 1]]
  ↳ app/controllers/static_pages_controller.rb:22:in `user'
  [1m[36mCity Load (0.2ms)[0m  [1m[34mSELECT "cities".* FROM "cities" WHERE "cities"."id" = $1 LIMIT $2[0m  [["id", 5], ["LIMIT", 1]]
  ↳ app/controllers/static_pages_controller.rb:23:in `user'
  Rendering static_pages/user.html.erb within layouts/application
  [1m[36mUser Load (0.2ms)[0m  [1m[34mSELECT "users".* FROM "users" WHERE "users"."id" = $1 LIMIT $2[0m  [["id", 10], ["LIMIT", 1]]
  ↳ app/views/static_pages/user.html.erb:1
  Rendered static_pages/user.html.erb within layouts/application (Duration: 1.5ms | Allocations: 633)
[Webpacker] Everything's up-to-date. Nothing to do
Completed 200 OK in 10ms (Views: 5.5ms | ActiveRecord: 0.7ms | Allocations: 5054)


Started GET "/gossip/20" for ::1 at 2020-10-27 05:55:23 +0100
Processing by StaticPagesController#gossip as HTML
  Parameters: {"id"=>"20"}
  [1m[36mGossip Load (0.5ms)[0m  [1m[34mSELECT "gossips".* FROM "gossips" WHERE "gossips"."id" = $1 LIMIT $2[0m  [["id", 20], ["LIMIT", 1]]
  ↳ app/controllers/static_pages_controller.rb:17:in `gossip'
  [1m[36mUser Load (0.2ms)[0m  [1m[34mSELECT "users".* FROM "users" WHERE "users"."id" = $1 LIMIT $2[0m  [["id", 8], ["LIMIT", 1]]
  ↳ app/controllers/static_pages_controller.rb:17:in `gossip'
  [1m[36mGossip Load (0.2ms)[0m  [1m[34mSELECT "gossips".* FROM "gossips" WHERE "gossips"."id" = $1 LIMIT $2[0m  [["id", 20], ["LIMIT", 1]]
  ↳ app/controllers/static_pages_controller.rb:18:in `gossip'
  Rendering static_pages/gossip.html.erb within layouts/application
  Rendered static_pages/gossip.html.erb within layouts/application (Duration: 0.1ms | Allocations: 15)
[Webpacker] Everything's up-to-date. Nothing to do
Completed 200 OK in 8ms (Views: 3.7ms | ActiveRecord: 1.0ms | Allocations: 4996)


